Sep 23, 2021 2:35:23 PM de.learnlib.logging.LearnLogger logQuery
INFO: [ε | common_procedure_failed common_procedure_requested ue_initiated_detach_requested tau_rejected tau_rejected tau_rejected attach_procedure_success common_procedure_failed / ε | 0 2 0 0 0 0 1 0]
Sep 23, 2021 2:35:23 PM de.learnlib.logging.LearnLogger logQuery
INFO: [ε | common_procedure_success ue_initiated_detach_requested common_procedure_requested ue_initiated_detach_requested network_initiated_detach_requested tau_rejected network_initiated_detach_requested network_initiated_detach_requested attach_procedure_success / ε | 0 0 2 0 0 0 0 0 1]
Sep 23, 2021 2:35:23 PM de.learnlib.logging.LearnLogger logQuery
INFO: [ε | attach_procedure_success network_initiated_detach_requested detach_accepted common_procedure_success tau_rejected common_procedure_success common_procedure_failed ue_initiated_detach_requested common_procedure_requested network_initiated_detach_requested / ε | 1 5 4 0 0 0 0 0 2 0]
Sep 23, 2021 2:35:23 PM de.learnlib.logging.LearnLogger logQuery
INFO: [ε | tau_rejected detach_accepted attach_procedure_success ue_initiated_detach_requested implicit_detach common_procedure_success / ε | 0 0 1 4 0 0]
Sep 23, 2021 2:35:23 PM de.learnlib.logging.LearnLogger logQuery
INFO: [ε | implicit_detach tau_rejected implicit_detach detach_accepted common_procedure_requested / ε | 0 0 0 0 2]
Sep 23, 2021 2:35:23 PM de.learnlib.logging.LearnLogger logQuery
INFO: [ε | common_procedure_requested network_initiated_detach_requested detach_accepted common_procedure_failed detach_accepted common_procedure_requested network_initiated_detach_requested ue_initiated_detach_requested / ε | 2 0 0 2 0 2 0 0]
Sep 23, 2021 2:35:23 PM de.learnlib.logging.LearnLogger logQuery
INFO: [ε | implicit_detach attach_procedure_success implicit_detach common_procedure_failed common_procedure_success tau_rejected tau_rejected / ε | 0 1 1 0 0 0 0]
Sep 23, 2021 2:35:23 PM de.learnlib.logging.LearnLogger logQuery
INFO: [ε | lower_layer_failure attach_procedure_success ue_initiated_detach_requested common_procedure_failed attach_procedure_success / ε | 0 1 4 0 1]
Sep 23, 2021 2:35:23 PM de.learnlib.logging.LearnLogger logQuery
INFO: [ε | tau_rejected implicit_detach common_procedure_failed common_procedure_success attach_procedure_success implicit_detach common_procedure_failed / ε | 0 0 0 0 1 1 0]
Sep 23, 2021 2:35:23 PM de.learnlib.logging.LearnLogger logQuery
INFO: [ε | common_procedure_requested network_initiated_detach_requested lower_layer_failure lower_layer_failure common_procedure_requested / ε | 2 0 4 0 2]
Sep 23, 2021 2:35:23 PM de.learnlib.logging.LearnLogger logQuery
INFO: [ε | network_initiated_detach_requested lower_layer_failure common_procedure_failed implicit_detach common_procedure_success common_procedure_success implicit_detach / ε | 0 0 0 0 0 0 0]
Sep 23, 2021 2:35:23 PM de.learnlib.logging.LearnLogger logQuery
INFO: [ε | detach_accepted common_procedure_requested attach_procedure_success tau_rejected detach_accepted ue_initiated_detach_requested / ε | 0 2 1 5 0 0]
Sep 23, 2021 2:35:23 PM de.learnlib.logging.LearnLogger logQuery
INFO: [ε | lower_layer_failure lower_layer_failure attach_procedure_success detach_accepted tau_rejected network_initiated_detach_requested tau_rejected implicit_detach tau_rejected tau_rejected / ε | 0 0 1 0 5 0 0 0 0 0]
Sep 23, 2021 2:35:23 PM de.learnlib.logging.LearnLogger logQuery
INFO: [ε | ue_initiated_detach_requested ue_initiated_detach_requested common_procedure_requested common_procedure_requested detach_accepted / ε | 0 0 2 0 0]
Sep 23, 2021 2:35:23 PM de.learnlib.logging.LearnLogger logQuery
INFO: [ε | ue_initiated_detach_requested common_procedure_requested attach_procedure_success common_procedure_requested implicit_detach detach_accepted common_procedure_success common_procedure_failed ue_initiated_detach_requested detach_accepted / ε | 0 2 1 3 0 0 3 0 4 0]
Sep 23, 2021 2:35:23 PM de.learnlib.logging.LearnLogger logQuery
INFO: [ε | attach_procedure_success attach_procedure_success lower_layer_failure common_procedure_success tau_rejected common_procedure_success common_procedure_failed lower_layer_failure detach_accepted / ε | 1 0 0 0 5 0 0 0 0]
Sep 23, 2021 2:35:23 PM de.learnlib.logging.LearnLogger logQuery
INFO: [ε | implicit_detach attach_procedure_success tau_rejected lower_layer_failure attach_procedure_success attach_procedure_success / ε | 0 1 5 0 1 0]
Sep 23, 2021 2:35:23 PM de.learnlib.logging.LearnLogger logQuery
INFO: [ε | common_procedure_failed lower_layer_failure network_initiated_detach_requested ue_initiated_detach_requested detach_accepted common_procedure_success implicit_detach network_initiated_detach_requested ue_initiated_detach_requested / ε | 0 0 0 0 0 0 0 0 0]
Sep 23, 2021 2:35:23 PM de.learnlib.logging.LearnLogger logQuery
INFO: [ε | network_initiated_detach_requested ue_initiated_detach_requested common_procedure_requested lower_layer_failure implicit_detach common_procedure_requested tau_rejected / ε | 0 0 2 4 0 2 0]
Sep 23, 2021 2:35:23 PM de.learnlib.logging.LearnLogger logQuery
INFO: [ε | common_procedure_requested common_procedure_success attach_procedure_success common_procedure_requested common_procedure_success ue_initiated_detach_requested attach_procedure_success lower_layer_failure attach_procedure_success common_procedure_failed / ε | 2 3 0 3 3 4 1 0 0 0]
Sep 23, 2021 2:35:23 PM de.learnlib.logging.LearnLogger logQuery
INFO: [ε | common_procedure_requested common_procedure_failed network_initiated_detach_requested implicit_detach attach_procedure_success detach_accepted detach_accepted common_procedure_success implicit_detach common_procedure_failed / ε | 2 2 0 0 1 0 0 0 1 0]
Sep 23, 2021 2:35:23 PM de.learnlib.logging.LearnLogger logQuery
INFO: [ε | detach_accepted implicit_detach attach_procedure_success common_procedure_failed common_procedure_requested / ε | 0 0 1 0 3]
Sep 23, 2021 2:35:23 PM de.learnlib.logging.LearnLogger logQuery
INFO: [ε | common_procedure_success network_initiated_detach_requested common_procedure_success lower_layer_failure detach_accepted common_procedure_failed ue_initiated_detach_requested implicit_detach network_initiated_detach_requested / ε | 0 0 0 0 0 0 0 0 0]
Sep 23, 2021 2:35:23 PM de.learnlib.logging.LearnLogger logQuery
INFO: [ε | implicit_detach common_procedure_success attach_procedure_success attach_procedure_success common_procedure_requested ue_initiated_detach_requested / ε | 0 0 1 0 3 0]
Sep 23, 2021 2:35:23 PM de.learnlib.logging.LearnLogger logQuery
INFO: [ε | network_initiated_detach_requested common_procedure_requested network_initiated_detach_requested common_procedure_requested common_procedure_failed / ε | 0 2 0 0 2]
Sep 23, 2021 2:35:23 PM de.learnlib.logging.LearnLogger logQuery
INFO: [ε | tau_rejected lower_layer_failure attach_procedure_success common_procedure_success common_procedure_failed common_procedure_failed ue_initiated_detach_requested ue_initiated_detach_requested tau_rejected detach_accepted / ε | 0 0 1 0 0 0 4 0 0 0]
Sep 23, 2021 2:35:23 PM de.learnlib.logging.LearnLogger logQuery
INFO: [ε | common_procedure_success common_procedure_success network_initiated_detach_requested detach_accepted common_procedure_failed detach_accepted attach_procedure_success / ε | 0 0 0 0 0 0 1]
Sep 23, 2021 2:35:23 PM de.learnlib.logging.LearnLogger logQuery
INFO: [ε | common_procedure_failed attach_procedure_success implicit_detach detach_accepted detach_accepted attach_procedure_success / ε | 0 1 1 0 0 1]
Sep 23, 2021 2:35:23 PM de.learnlib.logging.LearnLogger logQuery
INFO: [ε | common_procedure_success common_procedure_failed tau_rejected attach_procedure_success lower_layer_failure common_procedure_success / ε | 0 0 0 1 0 0]
Sep 23, 2021 2:35:23 PM de.learnlib.logging.LearnLogger logQuery
INFO: [ε | common_procedure_success common_procedure_requested common_procedure_failed common_procedure_failed network_initiated_detach_requested attach_procedure_success common_procedure_requested common_procedure_success lower_layer_failure / ε | 0 2 2 0 0 1 3 3 0]
Sep 23, 2021 2:35:23 PM de.learnlib.logging.LearnLogger logQuery
INFO: [ε | common_procedure_failed common_procedure_failed tau_rejected lower_layer_failure network_initiated_detach_requested common_procedure_success implicit_detach implicit_detach tau_rejected attach_procedure_success / ε | 0 0 0 0 0 0 0 0 0 1]
Sep 23, 2021 2:35:23 PM de.learnlib.logging.LearnLogger logQuery
INFO: [ε | lower_layer_failure implicit_detach common_procedure_failed common_procedure_requested attach_procedure_success common_procedure_success ue_initiated_detach_requested network_initiated_detach_requested detach_accepted / ε | 0 0 0 2 1 0 4 0 0]
Sep 23, 2021 2:35:23 PM de.learnlib.logging.LearnLogger logQuery
INFO: [ε | ue_initiated_detach_requested detach_accepted implicit_detach ue_initiated_detach_requested network_initiated_detach_requested common_procedure_success attach_procedure_success ue_initiated_detach_requested / ε | 0 0 0 0 0 0 1 4]
Sep 23, 2021 2:35:23 PM de.learnlib.logging.LearnLogger logQuery
INFO: [ε | lower_layer_failure common_procedure_failed ue_initiated_detach_requested implicit_detach common_procedure_success / ε | 0 0 0 0 0]
Sep 23, 2021 2:35:23 PM de.learnlib.logging.LearnLogger logQuery
INFO: [ε | common_procedure_failed lower_layer_failure common_procedure_failed tau_rejected common_procedure_failed / ε | 0 0 0 0 0]
Sep 23, 2021 2:35:23 PM de.learnlib.logging.LearnLogger logQuery
INFO: [ε | lower_layer_failure attach_procedure_success common_procedure_success ue_initiated_detach_requested lower_layer_failure tau_rejected detach_accepted / ε | 0 1 0 4 0 0 0]
Sep 23, 2021 2:35:23 PM de.learnlib.logging.LearnLogger logQuery
INFO: [ε | tau_rejected common_procedure_requested implicit_detach lower_layer_failure detach_accepted tau_rejected ue_initiated_detach_requested implicit_detach tau_rejected common_procedure_success / ε | 0 2 0 4 0 0 0 0 0 0]
Sep 23, 2021 2:35:23 PM de.learnlib.logging.LearnLogger logQuery
INFO: [ε | ue_initiated_detach_requested common_procedure_failed attach_procedure_success attach_procedure_success ue_initiated_detach_requested attach_procedure_success attach_procedure_success common_procedure_failed common_procedure_failed lower_layer_failure / ε | 0 0 1 0 4 1 0 0 0 0]
Sep 23, 2021 2:35:23 PM de.learnlib.logging.LearnLogger logQuery
INFO: [ε | ue_initiated_detach_requested common_procedure_success common_procedure_success common_procedure_success common_procedure_success network_initiated_detach_requested common_procedure_requested ue_initiated_detach_requested / ε | 0 0 0 0 0 0 2 0]
Sep 23, 2021 2:35:23 PM de.learnlib.logging.LearnLogger logQuery
INFO: [ε | common_procedure_success common_procedure_success attach_procedure_success network_initiated_detach_requested detach_accepted tau_rejected / ε | 0 0 1 5 4 0]
Sep 23, 2021 2:35:23 PM de.learnlib.logging.LearnLogger logQuery
INFO: [ε | common_procedure_requested ue_initiated_detach_requested common_procedure_failed detach_accepted common_procedure_success attach_procedure_success tau_rejected common_procedure_failed network_initiated_detach_requested ue_initiated_detach_requested / ε | 2 0 2 0 0 1 5 0 0 0]
Sep 23, 2021 2:35:23 PM de.learnlib.logging.LearnLogger logQuery
INFO: [ε | ue_initiated_detach_requested detach_accepted common_procedure_success common_procedure_success implicit_detach common_procedure_requested common_procedure_success tau_rejected implicit_detach ue_initiated_detach_requested / ε | 0 0 0 0 0 2 3 5 0 0]
Sep 23, 2021 2:35:23 PM de.learnlib.logging.LearnLogger logQuery
INFO: [ε | lower_layer_failure network_initiated_detach_requested network_initiated_detach_requested common_procedure_failed implicit_detach implicit_detach / ε | 0 0 0 0 0 0]
Sep 23, 2021 2:35:23 PM de.learnlib.logging.LearnLogger logQuery
INFO: [ε | common_procedure_success detach_accepted attach_procedure_success implicit_detach network_initiated_detach_requested network_initiated_detach_requested implicit_detach common_procedure_requested / ε | 0 0 1 1 0 0 0 2]
Sep 23, 2021 2:35:23 PM de.learnlib.logging.LearnLogger logQuery
INFO: [ε | lower_layer_failure lower_layer_failure attach_procedure_success ue_initiated_detach_requested tau_rejected common_procedure_success attach_procedure_success common_procedure_success common_procedure_failed common_procedure_requested / ε | 0 0 1 4 0 0 1 0 0 3]
Sep 23, 2021 2:35:23 PM de.learnlib.logging.LearnLogger logQuery
INFO: [ε | common_procedure_requested ue_initiated_detach_requested tau_rejected common_procedure_requested tau_rejected common_procedure_success detach_accepted / ε | 2 0 0 0 0 3 0]
Sep 23, 2021 2:35:23 PM de.learnlib.logging.LearnLogger logQuery
INFO: [ε | tau_rejected ue_initiated_detach_requested tau_rejected attach_procedure_success ue_initiated_detach_requested ue_initiated_detach_requested / ε | 0 0 0 1 4 0]
Sep 23, 2021 2:35:23 PM de.learnlib.logging.LearnLogger logQuery
INFO: [ε | detach_accepted lower_layer_failure ue_initiated_detach_requested common_procedure_failed tau_rejected common_procedure_failed tau_rejected common_procedure_requested detach_accepted implicit_detach / ε | 0 0 0 0 0 0 0 2 0 0]
Sep 23, 2021 2:35:23 PM de.learnlib.logging.LearnLogger logQuery
INFO: [ε | ue_initiated_detach_requested common_procedure_success lower_layer_failure ue_initiated_detach_requested lower_layer_failure common_procedure_success tau_rejected / ε | 0 0 0 0 0 0 0]
Sep 23, 2021 2:35:23 PM de.learnlib.logging.LearnLogger logQuery
INFO: [ε | ue_initiated_detach_requested lower_layer_failure detach_accepted tau_rejected attach_procedure_success tau_rejected network_initiated_detach_requested / ε | 0 0 0 0 1 5 0]
Sep 23, 2021 2:35:23 PM de.learnlib.logging.LearnLogger logQuery
INFO: [ε | common_procedure_failed common_procedure_success tau_rejected tau_rejected implicit_detach implicit_detach / ε | 0 0 0 0 0 0]
Sep 23, 2021 2:35:23 PM de.learnlib.logging.LearnLogger logQuery
INFO: [ε | common_procedure_failed ue_initiated_detach_requested tau_rejected common_procedure_failed ue_initiated_detach_requested ue_initiated_detach_requested / ε | 0 0 0 0 0 0]
Sep 23, 2021 2:35:23 PM de.learnlib.logging.LearnLogger logQuery
INFO: [ε | common_procedure_failed common_procedure_failed common_procedure_success common_procedure_requested ue_initiated_detach_requested attach_procedure_success attach_procedure_success implicit_detach / ε | 0 0 0 2 0 1 0 1]
Sep 23, 2021 2:35:23 PM de.learnlib.logging.LearnLogger logQuery
INFO: [ε | detach_accepted tau_rejected common_procedure_requested common_procedure_requested tau_rejected / ε | 0 0 2 0 0]
Sep 23, 2021 2:35:23 PM de.learnlib.logging.LearnLogger logQuery
INFO: [ε | network_initiated_detach_requested lower_layer_failure tau_rejected common_procedure_requested detach_accepted network_initiated_detach_requested implicit_detach tau_rejected / ε | 0 0 0 2 0 0 0 0]
Sep 23, 2021 2:35:23 PM de.learnlib.logging.LearnLogger logQuery
INFO: [ε | common_procedure_success detach_accepted implicit_detach lower_layer_failure detach_accepted common_procedure_requested attach_procedure_success lower_layer_failure common_procedure_success / ε | 0 0 0 0 0 2 1 0 0]
Sep 23, 2021 2:35:23 PM de.learnlib.logging.LearnLogger logQuery
INFO: [ε | ue_initiated_detach_requested common_procedure_failed ue_initiated_detach_requested lower_layer_failure implicit_detach / ε | 0 0 0 0 0]
Sep 23, 2021 2:35:23 PM de.learnlib.logging.LearnLogger logQuery
INFO: [ε | tau_rejected implicit_detach detach_accepted ue_initiated_detach_requested common_procedure_failed / ε | 0 0 0 0 0]
Sep 23, 2021 2:35:23 PM de.learnlib.logging.LearnLogger logQuery
INFO: [ε | lower_layer_failure tau_rejected common_procedure_failed tau_rejected ue_initiated_detach_requested / ε | 0 0 0 0 0]
Sep 23, 2021 2:35:23 PM de.learnlib.logging.LearnLogger logQuery
INFO: [ε | common_procedure_requested implicit_detach common_procedure_success common_procedure_requested tau_rejected / ε | 2 0 3 3 0]
Sep 23, 2021 2:35:23 PM de.learnlib.logging.LearnLogger logQuery
INFO: [ε | implicit_detach network_initiated_detach_requested attach_procedure_success network_initiated_detach_requested common_procedure_requested / ε | 0 0 1 5 0]
Sep 23, 2021 2:35:23 PM de.learnlib.logging.LearnLogger logQuery
INFO: [ε | lower_layer_failure detach_accepted common_procedure_requested common_procedure_failed implicit_detach tau_rejected tau_rejected attach_procedure_success / ε | 0 0 2 2 0 0 0 1]
Sep 23, 2021 2:35:23 PM de.learnlib.logging.LearnLogger logQuery
INFO: [ε | attach_procedure_success detach_accepted common_procedure_success common_procedure_success common_procedure_failed common_procedure_requested lower_layer_failure common_procedure_success / ε | 1 0 0 0 0 3 4 0]
Sep 23, 2021 2:35:23 PM de.learnlib.logging.LearnLogger logQuery
INFO: [ε | attach_procedure_success detach_accepted common_procedure_success common_procedure_success tau_rejected ue_initiated_detach_requested attach_procedure_success common_procedure_success common_procedure_success / ε | 1 0 0 0 5 0 1 0 0]
Sep 23, 2021 2:35:23 PM de.learnlib.logging.LearnLogger logQuery
INFO: [ε | common_procedure_success ue_initiated_detach_requested implicit_detach detach_accepted ue_initiated_detach_requested ue_initiated_detach_requested implicit_detach common_procedure_success / ε | 0 0 0 0 0 0 0 0]
Sep 23, 2021 2:35:23 PM de.learnlib.logging.LearnLogger logQuery
INFO: [ε | ue_initiated_detach_requested attach_procedure_success lower_layer_failure common_procedure_success common_procedure_success detach_accepted lower_layer_failure common_procedure_failed common_procedure_success / ε | 0 1 0 0 0 0 0 0 0]
Sep 23, 2021 2:35:23 PM de.learnlib.logging.LearnLogger logQuery
INFO: [ε | ue_initiated_detach_requested common_procedure_requested implicit_detach common_procedure_failed network_initiated_detach_requested / ε | 0 2 0 2 0]
Sep 23, 2021 2:35:23 PM de.learnlib.logging.LearnLogger logQuery
INFO: [ε | common_procedure_success attach_procedure_success common_procedure_requested common_procedure_success network_initiated_detach_requested implicit_detach / ε | 0 1 3 3 5 0]
Sep 23, 2021 2:35:23 PM de.learnlib.logging.LearnLogger logQuery
INFO: [ε | attach_procedure_success attach_procedure_success detach_accepted common_procedure_failed lower_layer_failure common_procedure_failed ue_initiated_detach_requested common_procedure_requested common_procedure_failed / ε | 1 0 0 0 0 0 4 2 2]
Sep 23, 2021 2:35:23 PM de.learnlib.logging.LearnLogger logQuery
INFO: [ε | implicit_detach ue_initiated_detach_requested common_procedure_success lower_layer_failure tau_rejected tau_rejected common_procedure_requested / ε | 0 0 0 0 0 0 2]
Sep 23, 2021 2:35:23 PM de.learnlib.logging.LearnLogger logQuery
INFO: [ε | lower_layer_failure detach_accepted attach_procedure_success common_procedure_failed detach_accepted attach_procedure_success / ε | 0 0 1 0 0 0]
Sep 23, 2021 2:35:23 PM de.learnlib.logging.LearnLogger logQuery
INFO: [ε | ue_initiated_detach_requested detach_accepted ue_initiated_detach_requested attach_procedure_success ue_initiated_detach_requested lower_layer_failure lower_layer_failure common_procedure_failed / ε | 0 0 0 1 4 0 0 0]
Sep 23, 2021 2:35:23 PM de.learnlib.logging.LearnLogger logQuery
INFO: [ε | implicit_detach implicit_detach tau_rejected tau_rejected lower_layer_failure implicit_detach / ε | 0 0 0 0 0 0]
Sep 23, 2021 2:35:23 PM de.learnlib.logging.LearnLogger logQuery
INFO: [ε | ue_initiated_detach_requested tau_rejected detach_accepted network_initiated_detach_requested lower_layer_failure ue_initiated_detach_requested / ε | 0 0 0 0 0 0]
Sep 23, 2021 2:35:23 PM de.learnlib.logging.LearnLogger logQuery
INFO: [ε | tau_rejected common_procedure_failed ue_initiated_detach_requested attach_procedure_success implicit_detach detach_accepted network_initiated_detach_requested tau_rejected attach_procedure_success network_initiated_detach_requested / ε | 0 0 0 1 1 0 0 0 1 5]
Sep 23, 2021 2:35:23 PM de.learnlib.logging.LearnLogger logQuery
INFO: [ε | common_procedure_failed common_procedure_requested implicit_detach lower_layer_failure detach_accepted / ε | 0 2 0 4 0]
Sep 23, 2021 2:35:23 PM de.learnlib.logging.LearnLogger logQuery
INFO: [ε | common_procedure_failed common_procedure_success common_procedure_failed ue_initiated_detach_requested common_procedure_requested network_initiated_detach_requested common_procedure_success common_procedure_failed network_initiated_detach_requested ue_initiated_detach_requested / ε | 0 0 0 0 2 0 3 0 5 0]
Sep 23, 2021 2:35:23 PM de.learnlib.logging.LearnLogger logQuery
INFO: [ε | common_procedure_success network_initiated_detach_requested lower_layer_failure implicit_detach detach_accepted detach_accepted tau_rejected common_procedure_failed common_procedure_requested detach_accepted / ε | 0 0 0 0 0 0 0 0 2 0]
Sep 23, 2021 2:35:23 PM de.learnlib.logging.LearnLogger logQuery
INFO: [ε | ue_initiated_detach_requested common_procedure_failed common_procedure_requested lower_layer_failure attach_procedure_success / ε | 0 0 2 4 1]
Sep 23, 2021 2:35:23 PM de.learnlib.logging.LearnLogger logQuery
INFO: [ε | tau_rejected attach_procedure_success ue_initiated_detach_requested common_procedure_success common_procedure_requested implicit_detach detach_accepted detach_accepted attach_procedure_success / ε | 0 1 4 0 2 0 0 0 1]
Sep 23, 2021 2:35:23 PM de.learnlib.logging.LearnLogger logQuery
INFO: [ε | lower_layer_failure common_procedure_requested common_procedure_success common_procedure_failed ue_initiated_detach_requested / ε | 0 2 3 0 4]
Sep 23, 2021 2:35:23 PM de.learnlib.logging.LearnLogger logQuery
INFO: [ε | common_procedure_requested implicit_detach common_procedure_requested common_procedure_failed implicit_detach common_procedure_success ue_initiated_detach_requested / ε | 2 0 0 2 0 0 0]
Sep 23, 2021 2:35:23 PM de.learnlib.logging.LearnLogger logQuery
INFO: [ε | common_procedure_requested attach_procedure_success detach_accepted ue_initiated_detach_requested detach_accepted / ε | 2 1 0 4 0]
Sep 23, 2021 2:35:23 PM de.learnlib.logging.LearnLogger logQuery
INFO: [ε | common_procedure_success ue_initiated_detach_requested lower_layer_failure attach_procedure_success common_procedure_success common_procedure_failed / ε | 0 0 0 1 0 0]
Sep 23, 2021 2:35:23 PM de.learnlib.logging.LearnLogger logQuery
INFO: [ε | attach_procedure_success implicit_detach tau_rejected common_procedure_requested implicit_detach common_procedure_failed attach_procedure_success / ε | 1 1 0 2 0 2 1]
Sep 23, 2021 2:35:23 PM de.learnlib.logging.LearnLogger logQuery
INFO: [ε | tau_rejected common_procedure_success detach_accepted common_procedure_success common_procedure_requested / ε | 0 0 0 0 2]
Sep 23, 2021 2:35:23 PM de.learnlib.logging.LearnLogger logQuery
INFO: [ε | detach_accepted ue_initiated_detach_requested ue_initiated_detach_requested detach_accepted attach_procedure_success detach_accepted tau_rejected / ε | 0 0 0 0 1 0 5]
Sep 23, 2021 2:35:23 PM de.learnlib.logging.LearnLogger logQuery
INFO: [ε | attach_procedure_success implicit_detach detach_accepted implicit_detach implicit_detach network_initiated_detach_requested common_procedure_success detach_accepted lower_layer_failure ue_initiated_detach_requested / ε | 1 1 0 0 0 0 0 0 0 0]
Sep 23, 2021 2:35:23 PM de.learnlib.logging.LearnLogger logQuery
INFO: [ε | detach_accepted common_procedure_failed common_procedure_success tau_rejected common_procedure_failed detach_accepted lower_layer_failure ue_initiated_detach_requested common_procedure_success / ε | 0 0 0 0 0 0 0 0 0]
Sep 23, 2021 2:35:23 PM de.learnlib.logging.LearnLogger logQuery
INFO: [ε | implicit_detach ue_initiated_detach_requested network_initiated_detach_requested attach_procedure_success attach_procedure_success ue_initiated_detach_requested common_procedure_requested implicit_detach network_initiated_detach_requested / ε | 0 0 0 1 0 4 2 0 0]
Sep 23, 2021 2:35:23 PM de.learnlib.logging.LearnLogger logQuery
INFO: [ε | implicit_detach common_procedure_requested network_initiated_detach_requested detach_accepted tau_rejected ue_initiated_detach_requested tau_rejected common_procedure_success network_initiated_detach_requested / ε | 0 2 0 0 0 0 0 3 5]
Sep 23, 2021 2:35:23 PM de.learnlib.logging.LearnLogger logQuery
INFO: [ε | network_initiated_detach_requested attach_procedure_success common_procedure_success common_procedure_failed detach_accepted / ε | 0 1 0 0 0]
Sep 23, 2021 2:35:23 PM de.learnlib.logging.LearnLogger logQuery
INFO: [ε | ue_initiated_detach_requested common_procedure_success ue_initiated_detach_requested tau_rejected lower_layer_failure attach_procedure_success attach_procedure_success lower_layer_failure / ε | 0 0 0 0 0 1 0 0]
Sep 23, 2021 2:35:23 PM de.learnlib.logging.LearnLogger logQuery
INFO: [ε | common_procedure_failed common_procedure_failed attach_procedure_success common_procedure_failed ue_initiated_detach_requested detach_accepted implicit_detach network_initiated_detach_requested tau_rejected / ε | 0 0 1 0 4 0 0 0 0]
Sep 23, 2021 2:35:23 PM de.learnlib.logging.LearnLogger logQuery
INFO: [ε | ue_initiated_detach_requested common_procedure_failed common_procedure_failed common_procedure_requested lower_layer_failure common_procedure_success implicit_detach common_procedure_success common_procedure_success / ε | 0 0 0 2 4 0 0 0 0]
Sep 23, 2021 2:35:23 PM de.learnlib.logging.LearnLogger logQuery
INFO: [ε | lower_layer_failure common_procedure_success network_initiated_detach_requested common_procedure_requested common_procedure_success tau_rejected ue_initiated_detach_requested common_procedure_requested / ε | 0 0 0 2 3 5 0 2]
Sep 23, 2021 2:35:23 PM de.learnlib.logging.LearnLogger logQuery
INFO: [ε | common_procedure_success tau_rejected detach_accepted tau_rejected common_procedure_success tau_rejected / ε | 0 0 0 0 0 0]
Sep 23, 2021 2:35:23 PM de.learnlib.logging.LearnLogger logQuery
INFO: [ε | common_procedure_failed implicit_detach common_procedure_success detach_accepted common_procedure_requested ue_initiated_detach_requested detach_accepted detach_accepted tau_rejected common_procedure_success / ε | 0 0 0 0 2 0 0 0 0 3]
Sep 23, 2021 2:35:23 PM de.learnlib.logging.LearnLogger logQuery
INFO: [ε | tau_rejected lower_layer_failure common_procedure_failed attach_procedure_success common_procedure_success network_initiated_detach_requested / ε | 0 0 0 1 0 5]
Sep 23, 2021 2:35:23 PM de.learnlib.logging.LearnLogger logQuery
INFO: [ε | lower_layer_failure network_initiated_detach_requested common_procedure_success lower_layer_failure common_procedure_success network_initiated_detach_requested lower_layer_failure network_initiated_detach_requested / ε | 0 0 0 0 0 0 0 0]
